  Project 3.cpp
C:\Users\Alen\Documents\GitHub\Project-3\Project 3\Project 3\Project 3.cpp(56,49): warning C4267: 'initializing': conversion from 'size_t' to 'int', possible loss of data
C:\Users\Alen\Documents\GitHub\Project-3\Project 3\Project 3\Project 3.cpp(60,45): warning C4267: '=': conversion from 'size_t' to 'int', possible loss of data
C:\Users\Alen\Documents\GitHub\Project-3\Project 3\Project 3\Project 3.cpp(64,43): warning C4267: '=': conversion from 'size_t' to 'int', possible loss of data
C:\Users\Alen\Documents\GitHub\Project-3\Project 3\Project 3\Project 3.cpp(166,94): warning C4244: 'argument': conversion from 'T' to 'T', possible loss of data
          with
          [
              T=int
          ]
          and
          [
              T=float
          ]
C:\Users\Alen\Documents\GitHub\Project-3\Project 3\Project 3\Project 3.cpp(166,77): warning C4244: 'argument': conversion from 'T' to 'T', possible loss of data
          with
          [
              T=int
          ]
          and
          [
              T=float
          ]
C:\Users\Alen\Documents\GitHub\Project-3\Project 3\Project 3\Project 3.cpp(169,99): warning C4244: 'argument': conversion from 'T' to 'T', possible loss of data
          with
          [
              T=int
          ]
          and
          [
              T=float
          ]
C:\Users\Alen\Documents\GitHub\Project-3\Project 3\Project 3\Project 3.cpp(169,82): warning C4244: 'argument': conversion from 'T' to 'T', possible loss of data
          with
          [
              T=int
          ]
          and
          [
              T=float
          ]
  Generating code
  116 of 490 functions (23.7%) were compiled, the rest were copied from previous compilation.
    0 functions were new in current compilation
    9 functions had inline decision re-evaluated but remain unchanged
  Finished generating code
  Project 3.vcxproj -> C:\Users\Alen\Documents\GitHub\Project-3\Project 3\x64\Release\Project 3.exe
